[debug] [2021-10-02T15:37:00.293Z] ----------------------------------------------------------------------
[debug] [2021-10-02T15:37:00.296Z] Command:       /usr/local/bin/firebase /home/kodirov/.cache/firebase/tools/lib/node_modules/firebase-tools/lib/bin/firebase init
[debug] [2021-10-02T15:37:00.296Z] CLI Version:   9.19.0
[debug] [2021-10-02T15:37:00.296Z] Platform:      linux
[debug] [2021-10-02T15:37:00.297Z] Node Version:  v12.18.1
[debug] [2021-10-02T15:37:00.297Z] Time:          Sat Oct 02 2021 20:37:00 GMT+0500 (Uzbekistan Standard Time)
[debug] [2021-10-02T15:37:00.297Z] ----------------------------------------------------------------------
[debug] 
[debug] [2021-10-02T15:37:00.303Z] > command requires scopes: ["email","openid","https://www.googleapis.com/auth/cloudplatformprojects.readonly","https://www.googleapis.com/auth/firebase","https://www.googleapis.com/auth/cloud-platform"]
[debug] [2021-10-02T15:37:00.304Z] > authorizing via signed-in user (gospodinqodirov1@gmail.com)
[info] 
     ######## #### ########  ######## ########     ###     ######  ########
     ##        ##  ##     ## ##       ##     ##  ##   ##  ##       ##
     ######    ##  ########  ######   ########  #########  ######  ######
     ##        ##  ##    ##  ##       ##     ## ##     ##       ## ##
     ##       #### ##     ## ######## ########  ##     ##  ######  ########

You're about to initialize a Firebase project in this directory:

  /home/kodirov/Documents/github/lab/gh-actions-react-firebase-example

[info] 
=== Project Setup
[info] 
[info] First, let's associate this project directory with a Firebase project.
[info] You can create multiple project aliases by running firebase use --add, 
[info] but for now we'll just set up a default project.
[info] 
[debug] [2021-10-02T15:37:18.166Z] > refreshing access token with scopes: []
[debug] [2021-10-02T15:37:18.167Z] >>> HTTP REQUEST POST https://www.googleapis.com/oauth2/v3/token  
 <request body omitted>
[debug] [2021-10-02T15:37:18.613Z] <<< HTTP RESPONSE 200 {"cache-control":"no-cache, no-store, max-age=0, must-revalidate","pragma":"no-cache","expires":"Mon, 01 Jan 1990 00:00:00 GMT","date":"Sat, 02 Oct 2021 15:37:18 GMT","content-type":"application/json; charset=utf-8","vary":"X-Origin, Referer, Origin,Accept-Encoding","server":"scaffolding on HTTPServer2","x-xss-protection":"0","x-frame-options":"SAMEORIGIN","x-content-type-options":"nosniff","alt-svc":"h3=\":443\"; ma=2592000,h3-29=\":443\"; ma=2592000,h3-T051=\":443\"; ma=2592000,h3-Q050=\":443\"; ma=2592000,h3-Q046=\":443\"; ma=2592000,h3-Q043=\":443\"; ma=2592000,quic=\":443\"; ma=2592000; v=\"46,43\"","accept-ranges":"none","transfer-encoding":"chunked"}
[debug] [2021-10-02T15:37:18.631Z] >>> [apiv2][query] GET https://firebase.googleapis.com/v1beta1/projects pageSize=100
[debug] [2021-10-02T15:37:38.779Z] Failed to make request to https://firebase.googleapis.com/v1beta1/projects?pageSize=100
[debug] [2021-10-02T15:37:39.396Z] FirebaseError: Failed to make request to https://firebase.googleapis.com/v1beta1/projects?pageSize=100
    at Client.doRequest (/home/kodirov/.cache/firebase/tools/lib/node_modules/firebase-tools/lib/apiv2.js:211:19)
    at processTicksAndRejections (internal/process/task_queues.js:97:5)
[error] 
[error] Error: Failed to list Firebase projects. See firebase-debug.log for more info.
[debug] [2021-10-02T15:39:20.392Z] ----------------------------------------------------------------------
[debug] [2021-10-02T15:39:20.395Z] Command:       /usr/local/bin/firebase /home/kodirov/.cache/firebase/tools/lib/node_modules/firebase-tools/lib/bin/firebase init
[debug] [2021-10-02T15:39:20.395Z] CLI Version:   9.19.0
[debug] [2021-10-02T15:39:20.395Z] Platform:      linux
[debug] [2021-10-02T15:39:20.395Z] Node Version:  v12.18.1
[debug] [2021-10-02T15:39:20.396Z] Time:          Sat Oct 02 2021 20:39:20 GMT+0500 (Uzbekistan Standard Time)
[debug] [2021-10-02T15:39:20.396Z] ----------------------------------------------------------------------
[debug] 
[debug] [2021-10-02T15:39:20.403Z] > command requires scopes: ["email","openid","https://www.googleapis.com/auth/cloudplatformprojects.readonly","https://www.googleapis.com/auth/firebase","https://www.googleapis.com/auth/cloud-platform"]
[debug] [2021-10-02T15:39:20.403Z] > authorizing via signed-in user (gospodinqodirov1@gmail.com)
[info] 
     ######## #### ########  ######## ########     ###     ######  ########
     ##        ##  ##     ## ##       ##     ##  ##   ##  ##       ##
     ######    ##  ########  ######   ########  #########  ######  ######
     ##        ##  ##    ##  ##       ##     ## ##     ##       ## ##
     ##       #### ##     ## ######## ########  ##     ##  ######  ########

You're about to initialize a Firebase project in this directory:

  /home/kodirov/Documents/github/lab/gh-actions-react-firebase-example

[info] 
=== Project Setup
[info] 
[info] First, let's associate this project directory with a Firebase project.
[info] You can create multiple project aliases by running firebase use --add, 
[info] but for now we'll just set up a default project.
[info] 
[debug] [2021-10-02T15:39:28.493Z] >>> [apiv2][query] GET https://firebase.googleapis.com/v1beta1/projects pageSize=100
[debug] [2021-10-02T15:39:29.694Z] <<< [apiv2][status] GET https://firebase.googleapis.com/v1beta1/projects 200
[debug] [2021-10-02T15:39:29.694Z] <<< [apiv2][body] GET https://firebase.googleapis.com/v1beta1/projects [omitted]
[info] i  Using project gh-actions-react-firebas-145ed (gh-actions-react-firebase) 
[info] 
=== Hosting:github Setup
[info] 
[info] i  Detected a .git folder at /home/kodirov/Documents/github/lab/gh-actions-react-firebase-example 
[info] i  Authorizing with GitHub to upload your service account to a GitHub repository's secrets store. 
[info] 
[info] Visit this URL on this device to log in:
[info] https://github.com/login/oauth/authorize?client_id=89cf50f02ac6aaed3484&state=289759509&redirect_uri=http%3A%2F%2Flocalhost%3A9005&scope=read%3Auser%20repo%20public_repo
[info] 
[info] Waiting for authentication...
[debug] [2021-10-02T15:39:41.459Z] >>> HTTP REQUEST POST https://github.com/login/oauth/access_token  
 {"client_id":"89cf50f02ac6aaed3484","client_secret":"3330d14abc895d9a74d5f17cd7a00711fa2c5bf0","code":"9ae55d09679ca6b5b1f0","redirect_uri":"http://localhost:9005","state":"289759509"}
[debug] [2021-10-02T15:39:42.204Z] <<< HTTP RESPONSE 200 {"server":"GitHub.com","date":"Sat, 02 Oct 2021 15:39:42 GMT","content-type":"application/json; charset=utf-8","transfer-encoding":"chunked","vary":"X-PJAX, X-PJAX-Container, Accept-Encoding, Accept, X-Requested-With","permissions-policy":"interest-cohort=()","etag":"W/\"e21a801813b84e33687b9f6592516278\"","cache-control":"max-age=0, private, must-revalidate","strict-transport-security":"max-age=31536000; includeSubdomains; preload","x-frame-options":"deny","x-content-type-options":"nosniff","x-xss-protection":"0","referrer-policy":"origin-when-cross-origin, strict-origin-when-cross-origin","expect-ct":"max-age=2592000, report-uri=\"https://api.github.com/_private/browser/errors\"","content-security-policy":"default-src 'none'; base-uri 'self'; block-all-mixed-content; child-src github.com/assets-cdn/worker/ gist.github.com/assets-cdn/worker/; connect-src 'self' uploads.github.com www.githubstatus.com collector.githubapp.com api.github.com github-cloud.s3.amazonaws.com github-production-repository-file-5c1aeb.s3.amazonaws.com github-production-upload-manifest-file-7fdce7.s3.amazonaws.com github-production-user-asset-6210df.s3.amazonaws.com cdn.optimizely.com logx.optimizely.com/v1/events translator.github.com wss://alive.github.com; font-src github.githubassets.com; form-action 'self' github.com gist.github.com; frame-ancestors 'none'; frame-src render.githubusercontent.com viewscreen.githubusercontent.com viewscreen-lab.githubusercontent.com; img-src 'self' data: github.githubassets.com identicons.github.com collector.githubapp.com github-cloud.s3.amazonaws.com secured-user-images.githubusercontent.com/ *.githubusercontent.com; manifest-src 'self'; media-src github.com user-images.githubusercontent.com/; script-src github.githubassets.com; style-src 'unsafe-inline' github.githubassets.com; worker-src github.com/assets-cdn/worker/ gist.github.com/assets-cdn/worker/ github.com/socket-worker-0af8a29d.js gist.github.com/socket-worker-0af8a29d.js","x-github-request-id":"34FE:578D:789552:7DCE51:61587D3D"}
[debug] [2021-10-02T15:39:42.208Z] >>> [apiv2][query] GET https://api.github.com/user [none]
[debug] [2021-10-02T15:39:43.009Z] <<< [apiv2][status] GET https://api.github.com/user 200
[debug] [2021-10-02T15:39:43.009Z] <<< [apiv2][body] GET https://api.github.com/user {"login":"qodirovshohijahon","id":45763633,"node_id":"MDQ6VXNlcjQ1NzYzNjMz","avatar_url":"https://avatars.githubusercontent.com/u/45763633?v=4","gravatar_id":"","url":"https://api.github.com/users/qodirovshohijahon","html_url":"https://github.com/qodirovshohijahon","followers_url":"https://api.github.com/users/qodirovshohijahon/followers","following_url":"https://api.github.com/users/qodirovshohijahon/following{/other_user}","gists_url":"https://api.github.com/users/qodirovshohijahon/gists{/gist_id}","starred_url":"https://api.github.com/users/qodirovshohijahon/starred{/owner}{/repo}","subscriptions_url":"https://api.github.com/users/qodirovshohijahon/subscriptions","organizations_url":"https://api.github.com/users/qodirovshohijahon/orgs","repos_url":"https://api.github.com/users/qodirovshohijahon/repos","events_url":"https://api.github.com/users/qodirovshohijahon/events{/privacy}","received_events_url":"https://api.github.com/users/qodirovshohijahon/received_events","type":"User","site_admin":false,"name":"Shokhijakhon Kodirov","company":"epam.com","blog":"t.me/izlanvarivojlan","location":"Tashkent","email":null,"hireable":null,"bio":"  System Enginner at EPAM SYSTEMS,\r\nA man who learn new knowledge, loves opensources.\r\nInterests: Cloud Technologies.\r\n","twitter_username":"gospodinqodirov","public_repos":55,"public_gists":17,"followers":7,"following":65,"created_at":"2018-12-10T14:41:47Z","updated_at":"2021-10-01T15:24:10Z","private_gists":0,"total_private_repos":13,"owned_private_repos":13,"disk_usage":173187,"collaborators":0,"two_factor_authentication":true,"plan":{"name":"free","space":976562499,"collaborators":0,"private_repos":10000}}
[info] 
[info] ✔  Success! Logged into GitHub as qodirovshohijahon 
[info] 
[debug] [2021-10-02T15:40:04.474Z] >>> [apiv2][query] GET https://api.github.com/repos/qodirovshohijahon/to-do-react/actions/secrets/public-key type=owner
[debug] [2021-10-02T15:40:06.380Z] >>> [apiv2][query] GET https://api.github.com/repos//actions/secrets/public-key type=owner
[debug] [2021-10-02T15:40:15.287Z] <<< [apiv2][status] GET https://api.github.com/repos//actions/secrets/public-key 404
[debug] [2021-10-02T15:40:15.287Z] <<< [apiv2][body] GET https://api.github.com/repos//actions/secrets/public-key {"message":"Not Found","documentation_url":"https://docs.github.com/rest"}
[debug] [2021-10-02T15:40:15.312Z] <<< [apiv2][status] GET https://api.github.com/repos/qodirovshohijahon/to-do-react/actions/secrets/public-key 200
[debug] [2021-10-02T15:40:15.312Z] <<< [apiv2][body] GET https://api.github.com/repos/qodirovshohijahon/to-do-react/actions/secrets/public-key {"key_id":"568250167242549743","key":"gTdGSLrUmjAzNH2uZo+72YfquRa33Obz9n6Dc/oqtTo="}
[debug] [2021-10-02T15:40:15.313Z] >>> [apiv2][query] GET https://api.github.com/repos/qodirovshohijahon/to-do-react [none]
[debug] [2021-10-02T15:40:15.967Z] <<< [apiv2][status] GET https://api.github.com/repos/qodirovshohijahon/to-do-react 200
[debug] [2021-10-02T15:40:15.967Z] <<< [apiv2][body] GET https://api.github.com/repos/qodirovshohijahon/to-do-react {"id":412786184,"node_id":"R_kgDOGJqeCA","name":"to-do-react","full_name":"qodirovshohijahon/to-do-react","private":false,"owner":{"login":"qodirovshohijahon","id":45763633,"node_id":"MDQ6VXNlcjQ1NzYzNjMz","avatar_url":"https://avatars.githubusercontent.com/u/45763633?v=4","gravatar_id":"","url":"https://api.github.com/users/qodirovshohijahon","html_url":"https://github.com/qodirovshohijahon","followers_url":"https://api.github.com/users/qodirovshohijahon/followers","following_url":"https://api.github.com/users/qodirovshohijahon/following{/other_user}","gists_url":"https://api.github.com/users/qodirovshohijahon/gists{/gist_id}","starred_url":"https://api.github.com/users/qodirovshohijahon/starred{/owner}{/repo}","subscriptions_url":"https://api.github.com/users/qodirovshohijahon/subscriptions","organizations_url":"https://api.github.com/users/qodirovshohijahon/orgs","repos_url":"https://api.github.com/users/qodirovshohijahon/repos","events_url":"https://api.github.com/users/qodirovshohijahon/events{/privacy}","received_events_url":"https://api.github.com/users/qodirovshohijahon/received_events","type":"User","site_admin":false},"html_url":"https://github.com/qodirovshohijahon/to-do-react","description":null,"fork":true,"url":"https://api.github.com/repos/qodirovshohijahon/to-do-react","forks_url":"https://api.github.com/repos/qodirovshohijahon/to-do-react/forks","keys_url":"https://api.github.com/repos/qodirovshohijahon/to-do-react/keys{/key_id}","collaborators_url":"https://api.github.com/repos/qodirovshohijahon/to-do-react/collaborators{/collaborator}","teams_url":"https://api.github.com/repos/qodirovshohijahon/to-do-react/teams","hooks_url":"https://api.github.com/repos/qodirovshohijahon/to-do-react/hooks","issue_events_url":"https://api.github.com/repos/qodirovshohijahon/to-do-react/issues/events{/number}","events_url":"https://api.github.com/repos/qodirovshohijahon/to-do-react/events","assignees_url":"https://api.github.com/repos/qodirovshohijahon/to-do-react/assignees{/user}","branches_url":"https://api.github.com/repos/qodirovshohijahon/to-do-react/branches{/branch}","tags_url":"https://api.github.com/repos/qodirovshohijahon/to-do-react/tags","blobs_url":"https://api.github.com/repos/qodirovshohijahon/to-do-react/git/blobs{/sha}","git_tags_url":"https://api.github.com/repos/qodirovshohijahon/to-do-react/git/tags{/sha}","git_refs_url":"https://api.github.com/repos/qodirovshohijahon/to-do-react/git/refs{/sha}","trees_url":"https://api.github.com/repos/qodirovshohijahon/to-do-react/git/trees{/sha}","statuses_url":"https://api.github.com/repos/qodirovshohijahon/to-do-react/statuses/{sha}","languages_url":"https://api.github.com/repos/qodirovshohijahon/to-do-react/languages","stargazers_url":"https://api.github.com/repos/qodirovshohijahon/to-do-react/stargazers","contributors_url":"https://api.github.com/repos/qodirovshohijahon/to-do-react/contributors","subscribers_url":"https://api.github.com/repos/qodirovshohijahon/to-do-react/subscribers","subscription_url":"https://api.github.com/repos/qodirovshohijahon/to-do-react/subscription","commits_url":"https://api.github.com/repos/qodirovshohijahon/to-do-react/commits{/sha}","git_commits_url":"https://api.github.com/repos/qodirovshohijahon/to-do-react/git/commits{/sha}","comments_url":"https://api.github.com/repos/qodirovshohijahon/to-do-react/comments{/number}","issue_comment_url":"https://api.github.com/repos/qodirovshohijahon/to-do-react/issues/comments{/number}","contents_url":"https://api.github.com/repos/qodirovshohijahon/to-do-react/contents/{+path}","compare_url":"https://api.github.com/repos/qodirovshohijahon/to-do-react/compare/{base}...{head}","merges_url":"https://api.github.com/repos/qodirovshohijahon/to-do-react/merges","archive_url":"https://api.github.com/repos/qodirovshohijahon/to-do-react/{archive_format}{/ref}","downloads_url":"https://api.github.com/repos/qodirovshohijahon/to-do-react/downloads","issues_url":"https://api.github.com/repos/qodirovshohijahon/to-do-react/issues{/number}","pulls_url":"https://api.github.com/repos/qodirovshohijahon/to-do-react/pulls{/number}","milestones_url":"https://api.github.com/repos/qodirovshohijahon/to-do-react/milestones{/number}","notifications_url":"https://api.github.com/repos/qodirovshohijahon/to-do-react/notifications{?since,all,participating}","labels_url":"https://api.github.com/repos/qodirovshohijahon/to-do-react/labels{/name}","releases_url":"https://api.github.com/repos/qodirovshohijahon/to-do-react/releases{/id}","deployments_url":"https://api.github.com/repos/qodirovshohijahon/to-do-react/deployments","created_at":"2021-10-02T12:11:56Z","updated_at":"2021-10-02T13:02:56Z","pushed_at":"2021-10-02T13:02:53Z","git_url":"git://github.com/qodirovshohijahon/to-do-react.git","ssh_url":"git@github.com:qodirovshohijahon/to-do-react.git","clone_url":"https://github.com/qodirovshohijahon/to-do-react.git","svn_url":"https://github.com/qodirovshohijahon/to-do-react","homepage":null,"size":33061,"stargazers_count":0,"watchers_count":0,"language":"JavaScript","has_issues":false,"has_projects":true,"has_downloads":true,"has_wiki":true,"has_pages":false,"forks_count":0,"mirror_url":null,"archived":false,"disabled":false,"open_issues_count":0,"license":null,"allow_forking":true,"visibility":"public","forks":0,"open_issues":0,"watchers":0,"default_branch":"master","permissions":{"admin":true,"maintain":true,"push":true,"triage":true,"pull":true},"temp_clone_token":"","allow_squash_merge":true,"allow_merge_commit":true,"allow_rebase_merge":true,"allow_auto_merge":false,"delete_branch_on_merge":false,"parent":{"id":412047455,"node_id":"R_kgDOGI9YXw","name":"to-do-react","full_name":"azikreed/to-do-react","private":false,"owner":{"login":"azikreed","id":78593776,"node_id":"MDQ6VXNlcjc4NTkzNzc2","avatar_url":"https://avatars.githubusercontent.com/u/78593776?v=4","gravatar_id":"","url":"https://api.github.com/users/azikreed","html_url":"https://github.com/azikreed","followers_url":"https://api.github.com/users/azikreed/followers","following_url":"https://api.github.com/users/azikreed/following{/other_user}","gists_url":"https://api.github.com/users/azikreed/gists{/gist_id}","starred_url":"https://api.github.com/users/azikreed/starred{/owner}{/repo}","subscriptions_url":"https://api.github.com/users/azikreed/subscriptions","organizations_url":"https://api.github.com/users/azikreed/orgs","repos_url":"https://api.github.com/users/azikreed/repos","events_url":"https://api.github.com/users/azikreed/events{/privacy}","received_events_url":"https://api.github.com/users/azikreed/received_events","type":"User","site_admin":false},"html_url":"https://github.com/azikreed/to-do-react","description":null,"fork":false,"url":"https://api.github.com/repos/azikreed/to-do-react","forks_url":"https://api.github.com/repos/azikreed/to-do-react/forks","keys_url":"https://api.github.com/repos/azikreed/to-do-react/keys{/key_id}","collaborators_url":"https://api.github.com/repos/azikreed/to-do-react/collaborators{/collaborator}","teams_url":"https://api.github.com/repos/azikreed/to-do-react/teams","hooks_url":"https://api.github.com/repos/azikreed/to-do-react/hooks","issue_events_url":"https://api.github.com/repos/azikreed/to-do-react/issues/events{/number}","events_url":"https://api.github.com/repos/azikreed/to-do-react/events","assignees_url":"https://api.github.com/repos/azikreed/to-do-react/assignees{/user}","branches_url":"https://api.github.com/repos/azikreed/to-do-react/branches{/branch}","tags_url":"https://api.github.com/repos/azikreed/to-do-react/tags","blobs_url":"https://api.github.com/repos/azikreed/to-do-react/git/blobs{/sha}","git_tags_url":"https://api.github.com/repos/azikreed/to-do-react/git/tags{/sha}","git_refs_url":"https://api.github.com/repos/azikreed/to-do-react/git/refs{/sha}","trees_url":"https://api.github.com/repos/azikreed/to-do-react/git/trees{/sha}","statuses_url":"https://api.github.com/repos/azikreed/to-do-react/statuses/{sha}","languages_url":"https://api.github.com/repos/azikreed/to-do-react/languages","stargazers_url":"https://api.github.com/repos/azikreed/to-do-react/stargazers","contributors_url":"https://api.github.com/repos/azikreed/to-do-react/contributors","subscribers_url":"https://api.github.com/repos/azikreed/to-do-react/subscribers","subscription_url":"https://api.github.com/repos/azikreed/to-do-react/subscription","commits_url":"https://api.github.com/repos/azikreed/to-do-react/commits{/sha}","git_commits_url":"https://api.github.com/repos/azikreed/to-do-react/git/commits{/sha}","comments_url":"https://api.github.com/repos/azikreed/to-do-react/comments{/number}","issue_comment_url":"https://api.github.com/repos/azikreed/to-do-react/issues/comments{/number}","contents_url":"https://api.github.com/repos/azikreed/to-do-react/contents/{+path}","compare_url":"https://api.github.com/repos/azikreed/to-do-react/compare/{base}...{head}","merges_url":"https://api.github.com/repos/azikreed/to-do-react/merges","archive_url":"https://api.github.com/repos/azikreed/to-do-react/{archive_format}{/ref}","downloads_url":"https://api.github.com/repos/azikreed/to-do-react/downloads","issues_url":"https://api.github.com/repos/azikreed/to-do-react/issues{/number}","pulls_url":"https://api.github.com/repos/azikreed/to-do-react/pulls{/number}","milestones_url":"https://api.github.com/repos/azikreed/to-do-react/milestones{/number}","notifications_url":"https://api.github.com/repos/azikreed/to-do-react/notifications{?since,all,participating}","labels_url":"https://api.github.com/repos/azikreed/to-do-react/labels{/name}","releases_url":"https://api.github.com/repos/azikreed/to-do-react/releases{/id}","deployments_url":"https://api.github.com/repos/azikreed/to-do-react/deployments","created_at":"2021-09-30T12:02:01Z","updated_at":"2021-10-01T06:38:29Z","pushed_at":"2021-10-01T06:38:27Z","git_url":"git://github.com/azikreed/to-do-react.git","ssh_url":"git@github.com:azikreed/to-do-react.git","clone_url":"https://github.com/azikreed/to-do-react.git","svn_url":"https://github.com/azikreed/to-do-react","homepage":null,"size":353,"stargazers_count":0,"watchers_count":0,"language":"JavaScript","has_issues":true,"has_projects":true,"has_downloads":true,"has_wiki":true,"has_pages":true,"forks_count":1,"mirror_url":null,"archived":false,"disabled":false,"open_issues_count":0,"license":null,"allow_forking":true,"visibility":"public","forks":1,"open_issues":0,"watchers":0,"default_branch":"master"},"source":{"id":412047455,"node_id":"R_kgDOGI9YXw","name":"to-do-react","full_name":"azikreed/to-do-react","private":false,"owner":{"login":"azikreed","id":78593776,"node_id":"MDQ6VXNlcjc4NTkzNzc2","avatar_url":"https://avatars.githubusercontent.com/u/78593776?v=4","gravatar_id":"","url":"https://api.github.com/users/azikreed","html_url":"https://github.com/azikreed","followers_url":"https://api.github.com/users/azikreed/followers","following_url":"https://api.github.com/users/azikreed/following{/other_user}","gists_url":"https://api.github.com/users/azikreed/gists{/gist_id}","starred_url":"https://api.github.com/users/azikreed/starred{/owner}{/repo}","subscriptions_url":"https://api.github.com/users/azikreed/subscriptions","organizations_url":"https://api.github.com/users/azikreed/orgs","repos_url":"https://api.github.com/users/azikreed/repos","events_url":"https://api.github.com/users/azikreed/events{/privacy}","received_events_url":"https://api.github.com/users/azikreed/received_events","type":"User","site_admin":false},"html_url":"https://github.com/azikreed/to-do-react","description":null,"fork":false,"url":"https://api.github.com/repos/azikreed/to-do-react","forks_url":"https://api.github.com/repos/azikreed/to-do-react/forks","keys_url":"https://api.github.com/repos/azikreed/to-do-react/keys{/key_id}","collaborators_url":"https://api.github.com/repos/azikreed/to-do-react/collaborators{/collaborator}","teams_url":"https://api.github.com/repos/azikreed/to-do-react/teams","hooks_url":"https://api.github.com/repos/azikreed/to-do-react/hooks","issue_events_url":"https://api.github.com/repos/azikreed/to-do-react/issues/events{/number}","events_url":"https://api.github.com/repos/azikreed/to-do-react/events","assignees_url":"https://api.github.com/repos/azikreed/to-do-react/assignees{/user}","branches_url":"https://api.github.com/repos/azikreed/to-do-react/branches{/branch}","tags_url":"https://api.github.com/repos/azikreed/to-do-react/tags","blobs_url":"https://api.github.com/repos/azikreed/to-do-react/git/blobs{/sha}","git_tags_url":"https://api.github.com/repos/azikreed/to-do-react/git/tags{/sha}","git_refs_url":"https://api.github.com/repos/azikreed/to-do-react/git/refs{/sha}","trees_url":"https://api.github.com/repos/azikreed/to-do-react/git/trees{/sha}","statuses_url":"https://api.github.com/repos/azikreed/to-do-react/statuses/{sha}","languages_url":"https://api.github.com/repos/azikreed/to-do-react/languages","stargazers_url":"https://api.github.com/repos/azikreed/to-do-react/stargazers","contributors_url":"https://api.github.com/repos/azikreed/to-do-react/contributors","subscribers_url":"https://api.github.com/repos/azikreed/to-do-react/subscribers","subscription_url":"https://api.github.com/repos/azikreed/to-do-react/subscription","commits_url":"https://api.github.com/repos/azikreed/to-do-react/commits{/sha}","git_commits_url":"https://api.github.com/repos/azikreed/to-do-react/git/commits{/sha}","comments_url":"https://api.github.com/repos/azikreed/to-do-react/comments{/number}","issue_comment_url":"https://api.github.com/repos/azikreed/to-do-react/issues/comments{/number}","contents_url":"https://api.github.com/repos/azikreed/to-do-react/contents/{+path}","compare_url":"https://api.github.com/repos/azikreed/to-do-react/compare/{base}...{head}","merges_url":"https://api.github.com/repos/azikreed/to-do-react/merges","archive_url":"https://api.github.com/repos/azikreed/to-do-react/{archive_format}{/ref}","downloads_url":"https://api.github.com/repos/azikreed/to-do-react/downloads","issues_url":"https://api.github.com/repos/azikreed/to-do-react/issues{/number}","pulls_url":"https://api.github.com/repos/azikreed/to-do-react/pulls{/number}","milestones_url":"https://api.github.com/repos/azikreed/to-do-react/milestones{/number}","notifications_url":"https://api.github.com/repos/azikreed/to-do-react/notifications{?since,all,participating}","labels_url":"https://api.github.com/repos/azikreed/to-do-react/labels{/name}","releases_url":"https://api.github.com/repos/azikreed/to-do-react/releases{/id}","deployments_url":"https://api.github.com/repos/azikreed/to-do-react/deployments","created_at":"2021-09-30T12:02:01Z","updated_at":"2021-10-01T06:38:29Z","pushed_at":"2021-10-01T06:38:27Z","git_url":"git://github.com/azikreed/to-do-react.git","ssh_url":"git@github.com:azikreed/to-do-react.git","clone_url":"https://github.com/azikreed/to-do-react.git","svn_url":"https://github.com/azikreed/to-do-react","homepage":null,"size":353,"stargazers_count":0,"watchers_count":0,"language":"JavaScript","has_issues":true,"has_projects":true,"has_downloads":true,"has_wiki":true,"has_pages":true,"forks_count":1,"mirror_url":null,"archived":false,"disabled":false,"open_issues_count":0,"license":null,"allow_forking":true,"visibility":"public","forks":1,"open_issues":0,"watchers":0,"default_branch":"master"},"network_count":1,"subscribers_count":0}
[debug] [2021-10-02T15:40:15.971Z] > refreshing access token with scopes: ["email","https://www.googleapis.com/auth/cloud-platform","https://www.googleapis.com/auth/cloudplatformprojects.readonly","https://www.googleapis.com/auth/firebase","openid"]
[debug] [2021-10-02T15:40:15.971Z] >>> HTTP REQUEST POST https://www.googleapis.com/oauth2/v3/token  
 <request body omitted>
[debug] [2021-10-02T15:40:16.579Z] <<< HTTP RESPONSE 200 {"expires":"Mon, 01 Jan 1990 00:00:00 GMT","cache-control":"no-cache, no-store, max-age=0, must-revalidate","pragma":"no-cache","date":"Sat, 02 Oct 2021 15:40:16 GMT","content-type":"application/json; charset=utf-8","vary":"X-Origin, Referer, Origin,Accept-Encoding","server":"scaffolding on HTTPServer2","x-xss-protection":"0","x-frame-options":"SAMEORIGIN","x-content-type-options":"nosniff","alt-svc":"h3=\":443\"; ma=2592000,h3-29=\":443\"; ma=2592000,h3-T051=\":443\"; ma=2592000,h3-Q050=\":443\"; ma=2592000,h3-Q046=\":443\"; ma=2592000,h3-Q043=\":443\"; ma=2592000,quic=\":443\"; ma=2592000; v=\"46,43\"","accept-ranges":"none","transfer-encoding":"chunked"}
[debug] [2021-10-02T15:40:16.595Z] >>> HTTP REQUEST POST https://iam.googleapis.com/v1/projects/gh-actions-react-firebas-145ed/serviceAccounts  
 {"accountId":"github-action-412786184","serviceAccount":{"displayName":"GitHub Actions (qodirovshohijahon/to-do-react)","description":"A service account with permission to deploy to Firebase Hosting for the GitHub repository qodirovshohijahon/to-do-react"}}
[debug] [2021-10-02T15:40:37.440Z] Error: getaddrinfo ENOTFOUND iam.googleapis.com
    at GetAddrInfoReqWrap.onlookup [as oncomplete] (dns.js:66:26)
[error] 
[error] Error: Server Error. getaddrinfo ENOTFOUND iam.googleapis.com
